2025-07-30T13:50:46.923759 - StrategyCollectionNode - Failed for agent 2 in round 1: argument of type 'function' is not iterable
2025-07-30T13:50:46.924217 - StrategyCollectionNode - Failed for agent 5 in round 1: argument of type 'function' is not iterable
2025-07-30T13:51:13.856866 - StrategyCollectionNode - Failed for agent 0 in round 1: tuple index out of range
2025-07-30T13:51:13.857089 - StrategyCollectionNode - Failed for agent 1 in round 1: tuple index out of range
2025-07-30T13:51:13.857512 - StrategyCollectionNode - Failed for agent 2 in round 1: tuple index out of range
2025-07-30T13:51:13.857602 - StrategyCollectionNode - Failed for agent 3 in round 1: tuple index out of range
2025-07-30T13:51:13.857675 - StrategyCollectionNode - Failed for agent 4 in round 1: tuple index out of range
2025-07-30T13:51:13.857754 - StrategyCollectionNode - Failed for agent 5 in round 1: tuple index out of range
2025-07-30T13:51:13.857830 - StrategyCollectionNode - Failed for agent 6 in round 1: tuple index out of range
2025-07-30T13:51:13.857911 - StrategyCollectionNode - Failed for agent 7 in round 1: tuple index out of range
2025-07-30T13:51:13.857999 - StrategyCollectionNode - Failed for agent 8 in round 1: tuple index out of range
2025-07-30T13:51:13.858071 - StrategyCollectionNode - Failed for agent 9 in round 1: tuple index out of range
2025-07-30T13:51:51.861680 - StrategyCollectionNode - Timeout for agent 2 in round 1
2025-07-30T13:51:51.861877 - StrategyCollectionNode - Timeout for agent 5 in round 1
2025-07-30T13:51:51.889595 - StrategyCollectionNode - Failed for agent 1 in round 1: API error for agent 1
2025-07-30T13:51:51.889763 - StrategyCollectionNode - Failed for agent 4 in round 1: API error for agent 4
2025-07-30T13:51:51.889872 - StrategyCollectionNode - Failed for agent 7 in round 1: API error for agent 7
2025-07-30T13:52:21.634214 - StrategyCollectionNode - Timeout for agent 2 in round 1
2025-07-30T13:52:21.634573 - StrategyCollectionNode - Timeout for agent 5 in round 1
2025-07-30T13:52:21.638581 - StrategyCollectionNode - Failed for agent 1 in round 1: API error for agent 1
2025-07-30T13:52:21.638738 - StrategyCollectionNode - Failed for agent 4 in round 1: API error for agent 4
2025-07-30T13:52:21.638846 - StrategyCollectionNode - Failed for agent 7 in round 1: API error for agent 7
2025-07-30T13:53:31.412465 - StrategyCollectionNode - Timeout for agent 2 in round 1
2025-07-30T13:53:31.412698 - StrategyCollectionNode - Timeout for agent 5 in round 1
2025-07-30T13:53:31.416741 - StrategyCollectionNode - Failed for agent 1 in round 1: API error for agent 1
2025-07-30T13:53:31.416907 - StrategyCollectionNode - Failed for agent 4 in round 1: API error for agent 4
2025-07-30T13:53:31.417017 - StrategyCollectionNode - Failed for agent 7 in round 1: API error for agent 7
2025-07-30T13:54:58.349150 - StrategyCollectionNode - Timeout for agent 2 in round 1
2025-07-30T13:54:58.349425 - StrategyCollectionNode - Timeout for agent 5 in round 1
2025-07-30T13:54:58.354455 - StrategyCollectionNode - Failed for agent 1 in round 1: API error for agent 1
2025-07-30T13:54:58.354646 - StrategyCollectionNode - Failed for agent 4 in round 1: API error for agent 4
2025-07-30T13:54:58.354791 - StrategyCollectionNode - Failed for agent 7 in round 1: API error for agent 7
2025-07-30T16:37:29.726038 - StrategyCollectionNode - Failed for agent 0 in round 1: not enough values to unpack (expected 3, got 0)
2025-07-30T16:37:29.727064 - StrategyCollectionNode - Failed for agent 1 in round 1: not enough values to unpack (expected 3, got 0)
2025-07-30T16:37:29.727168 - StrategyCollectionNode - Failed for agent 2 in round 1: not enough values to unpack (expected 3, got 0)
2025-07-30T16:37:31.144489 - StrategyCollectionNode - Failed for agent 0 in round 1: not enough values to unpack (expected 3, got 0)
2025-07-30T16:37:31.144647 - StrategyCollectionNode - Failed for agent 1 in round 1: not enough values to unpack (expected 3, got 0)
2025-07-30T16:37:31.144738 - StrategyCollectionNode - Failed for agent 2 in round 1: not enough values to unpack (expected 3, got 0)
2025-07-30T16:37:31.144856 - StrategyCollectionNode - Failed for agent 3 in round 1: not enough values to unpack (expected 3, got 0)
2025-07-30T16:37:31.144940 - StrategyCollectionNode - Failed for agent 4 in round 1: not enough values to unpack (expected 3, got 0)
2025-07-30T16:37:31.145023 - StrategyCollectionNode - Failed for agent 5 in round 1: not enough values to unpack (expected 3, got 0)
2025-07-30T16:37:31.145103 - StrategyCollectionNode - Failed for agent 6 in round 1: not enough values to unpack (expected 3, got 0)
2025-07-30T16:37:31.145185 - StrategyCollectionNode - Failed for agent 7 in round 1: not enough values to unpack (expected 3, got 0)
2025-07-30T16:37:31.145269 - StrategyCollectionNode - Failed for agent 8 in round 1: not enough values to unpack (expected 3, got 0)
2025-07-30T16:37:31.145353 - StrategyCollectionNode - Failed for agent 9 in round 1: not enough values to unpack (expected 3, got 0)
2025-07-30T16:37:31.154138 - StrategyCollectionNode - Failed for agent 0 in round 1: not enough values to unpack (expected 3, got 0)
2025-07-30T16:37:31.154290 - StrategyCollectionNode - Failed for agent 1 in round 1: not enough values to unpack (expected 3, got 0)
2025-07-30T16:37:31.154384 - StrategyCollectionNode - Failed for agent 2 in round 1: not enough values to unpack (expected 3, got 0)
2025-07-30T16:37:31.154469 - StrategyCollectionNode - Failed for agent 3 in round 1: not enough values to unpack (expected 3, got 0)
2025-07-30T16:37:31.154555 - StrategyCollectionNode - Failed for agent 4 in round 1: not enough values to unpack (expected 3, got 0)
2025-07-30T16:37:31.154640 - StrategyCollectionNode - Failed for agent 5 in round 1: not enough values to unpack (expected 3, got 0)
2025-07-30T16:37:31.154727 - StrategyCollectionNode - Failed for agent 6 in round 1: not enough values to unpack (expected 3, got 0)
2025-07-30T16:37:31.154813 - StrategyCollectionNode - Failed for agent 7 in round 1: not enough values to unpack (expected 3, got 0)
2025-07-30T16:37:31.154894 - StrategyCollectionNode - Failed for agent 8 in round 1: not enough values to unpack (expected 3, got 0)
2025-07-30T16:37:31.154975 - StrategyCollectionNode - Failed for agent 9 in round 1: not enough values to unpack (expected 3, got 0)
2025-07-30T16:37:31.163332 - StrategyCollectionNode - Failed for agent 0 in round 1: not enough values to unpack (expected 3, got 0)
2025-07-30T16:37:31.163541 - StrategyCollectionNode - Failed for agent 1 in round 1: not enough values to unpack (expected 3, got 0)
2025-07-30T16:37:31.163640 - StrategyCollectionNode - Failed for agent 2 in round 1: not enough values to unpack (expected 3, got 0)
2025-07-30T16:37:31.163733 - StrategyCollectionNode - Failed for agent 3 in round 1: not enough values to unpack (expected 3, got 0)
2025-07-30T16:37:31.163820 - StrategyCollectionNode - Failed for agent 4 in round 1: not enough values to unpack (expected 3, got 0)
2025-07-30T16:37:31.163906 - StrategyCollectionNode - Failed for agent 5 in round 1: not enough values to unpack (expected 3, got 0)
2025-07-30T16:37:31.163993 - StrategyCollectionNode - Failed for agent 6 in round 1: not enough values to unpack (expected 3, got 0)
2025-07-30T16:37:31.164077 - StrategyCollectionNode - Failed for agent 7 in round 1: not enough values to unpack (expected 3, got 0)
2025-07-30T16:37:31.164158 - StrategyCollectionNode - Failed for agent 8 in round 1: not enough values to unpack (expected 3, got 0)
2025-07-30T16:37:31.164241 - StrategyCollectionNode - Failed for agent 9 in round 1: not enough values to unpack (expected 3, got 0)
2025-07-30T16:37:31.172296 - StrategyCollectionNode - Failed for agent 0 in round 1: not enough values to unpack (expected 3, got 0)
2025-07-30T16:37:31.172466 - StrategyCollectionNode - Failed for agent 1 in round 1: not enough values to unpack (expected 3, got 0)
2025-07-30T16:37:31.172590 - StrategyCollectionNode - Failed for agent 2 in round 1: not enough values to unpack (expected 3, got 0)
2025-07-30T16:37:31.172728 - StrategyCollectionNode - Failed for agent 3 in round 1: not enough values to unpack (expected 3, got 0)
2025-07-30T16:37:31.172864 - StrategyCollectionNode - Failed for agent 4 in round 1: not enough values to unpack (expected 3, got 0)
2025-07-30T16:37:32.176205 - StrategyCollectionNode - Failed for agent 9 in round 1: not enough values to unpack (expected 3, got 0)
2025-07-30T16:37:32.176767 - StrategyCollectionNode - Failed for agent 6 in round 1: not enough values to unpack (expected 3, got 0)
2025-07-30T16:37:32.177139 - StrategyCollectionNode - Failed for agent 7 in round 1: not enough values to unpack (expected 3, got 0)
2025-07-30T16:37:32.177362 - StrategyCollectionNode - Failed for agent 8 in round 1: not enough values to unpack (expected 3, got 0)
2025-07-30T16:37:32.177485 - StrategyCollectionNode - Failed for agent 5 in round 1: not enough values to unpack (expected 3, got 0)
2025-07-30T16:37:32.185402 - StrategyCollectionNode - Failed for agent 0 in round 1: not enough values to unpack (expected 3, got 0)
2025-07-30T16:37:32.185625 - StrategyCollectionNode - Failed for agent 1 in round 1: not enough values to unpack (expected 3, got 0)
2025-07-30T16:37:32.185765 - StrategyCollectionNode - Failed for agent 2 in round 1: not enough values to unpack (expected 3, got 0)
2025-07-30T16:37:32.185871 - StrategyCollectionNode - Failed for agent 3 in round 1: not enough values to unpack (expected 3, got 0)
2025-07-30T16:37:32.185965 - StrategyCollectionNode - Failed for agent 4 in round 1: not enough values to unpack (expected 3, got 0)
2025-07-30T16:37:32.186059 - StrategyCollectionNode - Failed for agent 5 in round 1: not enough values to unpack (expected 3, got 0)
2025-07-30T16:37:32.186150 - StrategyCollectionNode - Failed for agent 6 in round 1: not enough values to unpack (expected 3, got 0)
2025-07-30T16:37:32.186242 - StrategyCollectionNode - Failed for agent 7 in round 1: not enough values to unpack (expected 3, got 0)
2025-07-30T16:37:32.186330 - StrategyCollectionNode - Failed for agent 8 in round 1: not enough values to unpack (expected 3, got 0)
2025-07-30T16:37:32.186412 - StrategyCollectionNode - Failed for agent 9 in round 1: not enough values to unpack (expected 3, got 0)
2025-07-30T16:37:32.200887 - StrategyCollectionNode - Failed for agent 0 in round 1: not enough values to unpack (expected 3, got 0)
2025-07-30T16:37:32.201086 - StrategyCollectionNode - Failed for agent 1 in round 1: not enough values to unpack (expected 3, got 0)
2025-07-30T16:37:32.201191 - StrategyCollectionNode - Failed for agent 2 in round 1: not enough values to unpack (expected 3, got 0)
2025-07-30T16:37:32.209302 - StrategyCollectionNode - Failed for agent 0 in round 2: not enough values to unpack (expected 3, got 0)
